<?xml version="1.0" encoding="UTF-8"?>
<!-- Generated by org.testng.reporters.JUnitReportReporter -->
<testsuite hostname="LAPTOP-RK4H57RS" failures="0" tests="4" name="testSuites.TestCases" time="50.862" errors="0" timestamp="20 Apr 2022 03:07:25 GMT" skipped="0">
  <testcase classname="testSuites.TestCases" name="testCase1" time="1.507"/>
  <testcase classname="testSuites.TestCases" name="testCase2" time="32.494"/>
  <testcase classname="testSuites.TestCases" name="testCase3" time="3.701"/>
  <testcase classname="testSuites.TestCases" name="testCase4" time="13.160"/>
</testsuite> <!-- testSuites.TestCases -->
